<?xml version="1.0" encoding="UTF-8"?>
<!-- Generated by org.testng.reporters.JUnitXMLReporter -->
<testsuite ignored="0" hostname="DESKTOP-6M9GUQS" failures="0" tests="1" name="Test" time="0.665" errors="0" timestamp="24 Jul 2020 05:24:25 GMT">
  <testcase classname="cucumber.api.testng.AbstractTestNGCucumberTests" name="@BeforeClass setUpClass" time="0.556">
    <failure type="cucumber.runtime.CucumberException" message="java.util.regex.PatternSyntaxException: Illegal repetition near index 22
^User Enter Username &amp;quot;({^&amp;quot;]*)&amp;quot; $
                      ^">
      <![CDATA[cucumber.runtime.CucumberException: java.util.regex.PatternSyntaxException: Illegal repetition near index 22
^User Enter Username "({^"]*)" $
                      ^
at cucumber.runtime.java.JavaBackend.addStepDefinition(JavaBackend.java:156)
at cucumber.runtime.java.MethodScanner.scan(MethodScanner.java:68)
at cucumber.runtime.java.MethodScanner.scan(MethodScanner.java:41)
at cucumber.runtime.java.JavaBackend.loadGlue(JavaBackend.java:86)
at cucumber.runtime.Runtime.<init>(Runtime.java:92)
at cucumber.runtime.Runtime.<init>(Runtime.java:70)
at cucumber.runtime.Runtime.<init>(Runtime.java:66)
at cucumber.api.testng.TestNGCucumberRunner.<init>(TestNGCucumberRunner.java:42)
at cucumber.api.testng.AbstractTestNGCucumberTests.setUpClass(AbstractTestNGCucumberTests.java:16)
Caused by: java.util.regex.PatternSyntaxException: Illegal repetition near index 22
^User Enter Username "({^"]*)" $
                      ^
at java.base/java.util.regex.Pattern.error(Pattern.java:2015)
at java.base/java.util.regex.Pattern.closure(Pattern.java:3308)
at java.base/java.util.regex.Pattern.sequence(Pattern.java:2201)
at java.base/java.util.regex.Pattern.expr(Pattern.java:2056)
at java.base/java.util.regex.Pattern.group0(Pattern.java:3045)
at java.base/java.util.regex.Pattern.sequence(Pattern.java:2111)
at java.base/java.util.regex.Pattern.expr(Pattern.java:2056)
at java.base/java.util.regex.Pattern.compile(Pattern.java:1778)
at java.base/java.util.regex.Pattern.<init>(Pattern.java:1427)
at java.base/java.util.regex.Pattern.compile(Pattern.java:1068)
at cucumber.runtime.java.JavaBackend.pattern(JavaBackend.java:203)
at cucumber.runtime.java.JavaBackend.addStepDefinition(JavaBackend.java:151)
... 34 more
... Removed 26 stack frames]]>
    </failure>
  </testcase> <!-- @BeforeClass setUpClass -->
  <testcase classname="cucumber.api.testng.AbstractTestNGCucumberTests" name="@AfterClass tearDownClass" time="0.001">
    <failure type="java.lang.NullPointerException">
      <![CDATA[java.lang.NullPointerException
at cucumber.api.testng.AbstractTestNGCucumberTests.tearDownClass(AbstractTestNGCucumberTests.java:34)
... Removed 26 stack frames]]>
    </failure>
  </testcase> <!-- @AfterClass tearDownClass -->
  <testcase classname="cucumber.api.testng.AbstractTestNGCucumberTests" name="feature" time="0.0">
    <skipped/>
  </testcase> <!-- feature -->
</testsuite> <!-- Test -->
